  [1m[36m (1.7ms)[0m  [1mCREATE TABLE "schema_migrations" ("version" varchar NOT NULL) [0m
  [1m[35m (0.1ms)[0m  select sqlite_version(*)
  [1m[36m (1.6ms)[0m  [1mCREATE UNIQUE INDEX "unique_schema_migrations" ON "schema_migrations" ("version")[0m
  [1m[35mActiveRecord::SchemaMigration Load (0.1ms)[0m  SELECT "schema_migrations".* FROM "schema_migrations"


Started GET "/" for ::1 at 2015-11-17 17:47:54 -0600
Processing by Rails::WelcomeController#index as HTML
  Rendered /Users/admin/.rvm/gems/ruby-2.1.2/gems/railties-4.2.3/lib/rails/templates/rails/welcome/index.html.erb (2.8ms)
Completed 200 OK in 27ms (Views: 19.4ms | ActiveRecord: 0.0ms)
  [1m[36mActiveRecord::SchemaMigration Load (0.1ms)[0m  [1mSELECT "schema_migrations".* FROM "schema_migrations"[0m
Migrating to CreateStudents (1)
  [1m[35m (0.1ms)[0m  begin transaction
  [1m[36m (0.4ms)[0m  [1mCREATE TABLE "students" ("id" INTEGER PRIMARY KEY AUTOINCREMENT NOT NULL, "first_name" varchar, "last_name" varchar, "created_at" datetime NOT NULL, "updated_at" datetime NOT NULL) [0m
  [1m[35mSQL (0.3ms)[0m  INSERT INTO "schema_migrations" ("version") VALUES (?)  [["version", "1"]]
  [1m[36m (1.4ms)[0m  [1mcommit transaction[0m
  [1m[35mActiveRecord::SchemaMigration Load (0.1ms)[0m  SELECT "schema_migrations".* FROM "schema_migrations"
  [1m[36m (0.1ms)[0m  [1mbegin transaction[0m
  [1m[35mSQL (0.3ms)[0m  INSERT INTO "students" ("first_name", "last_name", "created_at", "updated_at") VALUES (?, ?, ?, ?)  [["first_name", "Jordan"], ["last_name", "Hudgens"], ["created_at", "2015-11-18 00:10:55.545365"], ["updated_at", "2015-11-18 00:10:55.545365"]]
  [1m[36m (2.9ms)[0m  [1mcommit transaction[0m
  [1m[35mStudent Load (0.2ms)[0m  SELECT  "students".* FROM "students"  ORDER BY "students"."id" DESC LIMIT 1
  [1m[36m (0.1ms)[0m  [1mbegin transaction[0m
  [1m[35mSQL (0.3ms)[0m  INSERT INTO "students" ("created_at", "updated_at") VALUES (?, ?)  [["created_at", "2015-11-18 00:17:49.095449"], ["updated_at", "2015-11-18 00:17:49.095449"]]
  [1m[36m (1.2ms)[0m  [1mcommit transaction[0m
  [1m[35mStudent Load (0.2ms)[0m  SELECT  "students".* FROM "students"  ORDER BY "students"."id" DESC LIMIT 1
  [1m[36mActiveRecord::SchemaMigration Load (0.1ms)[0m  [1mSELECT "schema_migrations".* FROM "schema_migrations"[0m
  [1m[35mActiveRecord::SchemaMigration Load (0.1ms)[0m  SELECT "schema_migrations".* FROM "schema_migrations"


Started GET "/" for ::1 at 2015-11-18 13:36:42 -0600
  [1m[36mActiveRecord::SchemaMigration Load (0.1ms)[0m  [1mSELECT "schema_migrations".* FROM "schema_migrations"[0m
Processing by Rails::WelcomeController#index as HTML
  Rendered /Users/admin/.rvm/gems/ruby-2.1.2/gems/railties-4.2.3/lib/rails/templates/rails/welcome/index.html.erb (2.4ms)
Completed 200 OK in 39ms (Views: 24.5ms | ActiveRecord: 0.0ms)


Started GET "/" for ::1 at 2015-11-18 13:37:10 -0600
Processing by Rails::WelcomeController#index as HTML
  Rendered /Users/admin/.rvm/gems/ruby-2.1.2/gems/railties-4.2.3/lib/rails/templates/rails/welcome/index.html.erb (0.0ms)
Completed 200 OK in 1ms (Views: 0.7ms | ActiveRecord: 0.0ms)


Started GET "/" for ::1 at 2017-08-13 10:08:19 -0400
  [1m[36mActiveRecord::SchemaMigration Load (0.4ms)[0m  [1mSELECT "schema_migrations".* FROM "schema_migrations"[0m
Processing by Rails::WelcomeController#index as HTML
  Rendered /Users/martinaweidenbaum1/.rvm/gems/ruby-2.3.1/gems/railties-4.2.3/lib/rails/templates/rails/welcome/index.html.erb (1.6ms)
Completed 200 OK in 16ms (Views: 7.8ms | ActiveRecord: 0.0ms)


Started GET "/posts" for ::1 at 2017-08-13 10:16:33 -0400

ActionController::RoutingError (uninitialized constant PostsController):
  activesupport (4.2.3) lib/active_support/inflector/methods.rb:261:in `const_get'
  activesupport (4.2.3) lib/active_support/inflector/methods.rb:261:in `block in constantize'
  activesupport (4.2.3) lib/active_support/inflector/methods.rb:259:in `each'
  activesupport (4.2.3) lib/active_support/inflector/methods.rb:259:in `inject'
  activesupport (4.2.3) lib/active_support/inflector/methods.rb:259:in `constantize'
  actionpack (4.2.3) lib/action_dispatch/routing/route_set.rb:72:in `controller_reference'
  actionpack (4.2.3) lib/action_dispatch/routing/route_set.rb:62:in `controller'
  actionpack (4.2.3) lib/action_dispatch/routing/route_set.rb:41:in `serve'
  actionpack (4.2.3) lib/action_dispatch/journey/router.rb:43:in `block in serve'
  actionpack (4.2.3) lib/action_dispatch/journey/router.rb:30:in `each'
  actionpack (4.2.3) lib/action_dispatch/journey/router.rb:30:in `serve'
  actionpack (4.2.3) lib/action_dispatch/routing/route_set.rb:821:in `call'
  rack (1.6.4) lib/rack/etag.rb:24:in `call'
  rack (1.6.4) lib/rack/conditionalget.rb:25:in `call'
  rack (1.6.4) lib/rack/head.rb:13:in `call'
  actionpack (4.2.3) lib/action_dispatch/middleware/params_parser.rb:27:in `call'
  actionpack (4.2.3) lib/action_dispatch/middleware/flash.rb:260:in `call'
  rack (1.6.4) lib/rack/session/abstract/id.rb:225:in `context'
  rack (1.6.4) lib/rack/session/abstract/id.rb:220:in `call'
  actionpack (4.2.3) lib/action_dispatch/middleware/cookies.rb:560:in `call'
  activerecord (4.2.3) lib/active_record/query_cache.rb:36:in `call'
  activerecord (4.2.3) lib/active_record/connection_adapters/abstract/connection_pool.rb:653:in `call'
  activerecord (4.2.3) lib/active_record/migration.rb:377:in `call'
  actionpack (4.2.3) lib/action_dispatch/middleware/callbacks.rb:29:in `block in call'
  activesupport (4.2.3) lib/active_support/callbacks.rb:84:in `run_callbacks'
  actionpack (4.2.3) lib/action_dispatch/middleware/callbacks.rb:27:in `call'
  actionpack (4.2.3) lib/action_dispatch/middleware/reloader.rb:73:in `call'
  actionpack (4.2.3) lib/action_dispatch/middleware/remote_ip.rb:78:in `call'
  actionpack (4.2.3) lib/action_dispatch/middleware/debug_exceptions.rb:17:in `call'
  web-console (2.2.1) lib/web_console/middleware.rb:39:in `call'
  actionpack (4.2.3) lib/action_dispatch/middleware/show_exceptions.rb:30:in `call'
  railties (4.2.3) lib/rails/rack/logger.rb:38:in `call_app'
  railties (4.2.3) lib/rails/rack/logger.rb:20:in `block in call'
  activesupport (4.2.3) lib/active_support/tagged_logging.rb:68:in `block in tagged'
  activesupport (4.2.3) lib/active_support/tagged_logging.rb:26:in `tagged'
  activesupport (4.2.3) lib/active_support/tagged_logging.rb:68:in `tagged'
  railties (4.2.3) lib/rails/rack/logger.rb:20:in `call'
  actionpack (4.2.3) lib/action_dispatch/middleware/request_id.rb:21:in `call'
  rack (1.6.4) lib/rack/methodoverride.rb:22:in `call'
  rack (1.6.4) lib/rack/runtime.rb:18:in `call'
  activesupport (4.2.3) lib/active_support/cache/strategy/local_cache_middleware.rb:28:in `call'
  rack (1.6.4) lib/rack/lock.rb:17:in `call'
  actionpack (4.2.3) lib/action_dispatch/middleware/static.rb:116:in `call'
  rack (1.6.4) lib/rack/sendfile.rb:113:in `call'
  railties (4.2.3) lib/rails/engine.rb:518:in `call'
  railties (4.2.3) lib/rails/application.rb:165:in `call'
  rack (1.6.4) lib/rack/lock.rb:17:in `call'
  rack (1.6.4) lib/rack/content_length.rb:15:in `call'
  rack (1.6.4) lib/rack/handler/webrick.rb:88:in `service'
  /Users/martinaweidenbaum1/.rvm/rubies/ruby-2.3.1/lib/ruby/2.3.0/webrick/httpserver.rb:140:in `service'
  /Users/martinaweidenbaum1/.rvm/rubies/ruby-2.3.1/lib/ruby/2.3.0/webrick/httpserver.rb:96:in `run'
  /Users/martinaweidenbaum1/.rvm/rubies/ruby-2.3.1/lib/ruby/2.3.0/webrick/server.rb:296:in `block in start_thread'


  Rendered /Users/martinaweidenbaum1/.rvm/gems/ruby-2.3.1/gems/actionpack-4.2.3/lib/action_dispatch/middleware/templates/rescues/_trace.html.erb (1.3ms)
  Rendered /Users/martinaweidenbaum1/.rvm/gems/ruby-2.3.1/gems/actionpack-4.2.3/lib/action_dispatch/middleware/templates/routes/_route.html.erb (0.9ms)
  Rendered /Users/martinaweidenbaum1/.rvm/gems/ruby-2.3.1/gems/actionpack-4.2.3/lib/action_dispatch/middleware/templates/routes/_table.html.erb (9.0ms)
  Rendered /Users/martinaweidenbaum1/.rvm/gems/ruby-2.3.1/gems/actionpack-4.2.3/lib/action_dispatch/middleware/templates/rescues/_request_and_response.html.erb (1.5ms)
  Rendered /Users/martinaweidenbaum1/.rvm/gems/ruby-2.3.1/gems/actionpack-4.2.3/lib/action_dispatch/middleware/templates/rescues/routing_error.html.erb within rescues/layout (68.6ms)
  Rendered /Users/martinaweidenbaum1/.rvm/gems/ruby-2.3.1/gems/web-console-2.2.1/lib/web_console/templates/_markup.html.erb (0.3ms)
  Rendered /Users/martinaweidenbaum1/.rvm/gems/ruby-2.3.1/gems/web-console-2.2.1/lib/web_console/templates/_inner_console_markup.html.erb within layouts/inlined_string (0.3ms)
  Rendered /Users/martinaweidenbaum1/.rvm/gems/ruby-2.3.1/gems/web-console-2.2.1/lib/web_console/templates/_prompt_box_markup.html.erb within layouts/inlined_string (0.2ms)
  Rendered /Users/martinaweidenbaum1/.rvm/gems/ruby-2.3.1/gems/web-console-2.2.1/lib/web_console/templates/style.css.erb within layouts/inlined_string (0.4ms)
  Rendered /Users/martinaweidenbaum1/.rvm/gems/ruby-2.3.1/gems/web-console-2.2.1/lib/web_console/templates/console.js.erb within layouts/javascript (38.8ms)
  Rendered /Users/martinaweidenbaum1/.rvm/gems/ruby-2.3.1/gems/web-console-2.2.1/lib/web_console/templates/main.js.erb within layouts/javascript (0.5ms)
  Rendered /Users/martinaweidenbaum1/.rvm/gems/ruby-2.3.1/gems/web-console-2.2.1/lib/web_console/templates/error_page.js.erb within layouts/javascript (0.3ms)
  Rendered /Users/martinaweidenbaum1/.rvm/gems/ruby-2.3.1/gems/web-console-2.2.1/lib/web_console/templates/index.html.erb (92.9ms)
  [1m[36mActiveRecord::SchemaMigration Load (0.1ms)[0m  [1mSELECT "schema_migrations".* FROM "schema_migrations"[0m
  [1m[35mActiveRecord::SchemaMigration Load (0.1ms)[0m  SELECT "schema_migrations".* FROM "schema_migrations"
  [1m[36mActiveRecord::SchemaMigration Load (0.1ms)[0m  [1mSELECT "schema_migrations".* FROM "schema_migrations"[0m


Started GET "/posts" for ::1 at 2017-08-13 10:16:54 -0400

ActionController::RoutingError (uninitialized constant PostsController):
  activesupport (4.2.3) lib/active_support/inflector/methods.rb:261:in `const_get'
  activesupport (4.2.3) lib/active_support/inflector/methods.rb:261:in `block in constantize'
  activesupport (4.2.3) lib/active_support/inflector/methods.rb:259:in `each'
  activesupport (4.2.3) lib/active_support/inflector/methods.rb:259:in `inject'
  activesupport (4.2.3) lib/active_support/inflector/methods.rb:259:in `constantize'
  actionpack (4.2.3) lib/action_dispatch/routing/route_set.rb:72:in `controller_reference'
  actionpack (4.2.3) lib/action_dispatch/routing/route_set.rb:62:in `controller'
  actionpack (4.2.3) lib/action_dispatch/routing/route_set.rb:41:in `serve'
  actionpack (4.2.3) lib/action_dispatch/journey/router.rb:43:in `block in serve'
  actionpack (4.2.3) lib/action_dispatch/journey/router.rb:30:in `each'
  actionpack (4.2.3) lib/action_dispatch/journey/router.rb:30:in `serve'
  actionpack (4.2.3) lib/action_dispatch/routing/route_set.rb:821:in `call'
  rack (1.6.4) lib/rack/etag.rb:24:in `call'
  rack (1.6.4) lib/rack/conditionalget.rb:25:in `call'
  rack (1.6.4) lib/rack/head.rb:13:in `call'
  actionpack (4.2.3) lib/action_dispatch/middleware/params_parser.rb:27:in `call'
  actionpack (4.2.3) lib/action_dispatch/middleware/flash.rb:260:in `call'
  rack (1.6.4) lib/rack/session/abstract/id.rb:225:in `context'
  rack (1.6.4) lib/rack/session/abstract/id.rb:220:in `call'
  actionpack (4.2.3) lib/action_dispatch/middleware/cookies.rb:560:in `call'
  activerecord (4.2.3) lib/active_record/query_cache.rb:36:in `call'
  activerecord (4.2.3) lib/active_record/connection_adapters/abstract/connection_pool.rb:653:in `call'
  activerecord (4.2.3) lib/active_record/migration.rb:377:in `call'
  actionpack (4.2.3) lib/action_dispatch/middleware/callbacks.rb:29:in `block in call'
  activesupport (4.2.3) lib/active_support/callbacks.rb:84:in `run_callbacks'
  actionpack (4.2.3) lib/action_dispatch/middleware/callbacks.rb:27:in `call'
  actionpack (4.2.3) lib/action_dispatch/middleware/reloader.rb:73:in `call'
  actionpack (4.2.3) lib/action_dispatch/middleware/remote_ip.rb:78:in `call'
  actionpack (4.2.3) lib/action_dispatch/middleware/debug_exceptions.rb:17:in `call'
  web-console (2.2.1) lib/web_console/middleware.rb:39:in `call'
  actionpack (4.2.3) lib/action_dispatch/middleware/show_exceptions.rb:30:in `call'
  railties (4.2.3) lib/rails/rack/logger.rb:38:in `call_app'
  railties (4.2.3) lib/rails/rack/logger.rb:20:in `block in call'
  activesupport (4.2.3) lib/active_support/tagged_logging.rb:68:in `block in tagged'
  activesupport (4.2.3) lib/active_support/tagged_logging.rb:26:in `tagged'
  activesupport (4.2.3) lib/active_support/tagged_logging.rb:68:in `tagged'
  railties (4.2.3) lib/rails/rack/logger.rb:20:in `call'
  actionpack (4.2.3) lib/action_dispatch/middleware/request_id.rb:21:in `call'
  rack (1.6.4) lib/rack/methodoverride.rb:22:in `call'
  rack (1.6.4) lib/rack/runtime.rb:18:in `call'
  activesupport (4.2.3) lib/active_support/cache/strategy/local_cache_middleware.rb:28:in `call'
  rack (1.6.4) lib/rack/lock.rb:17:in `call'
  actionpack (4.2.3) lib/action_dispatch/middleware/static.rb:116:in `call'
  rack (1.6.4) lib/rack/sendfile.rb:113:in `call'
  railties (4.2.3) lib/rails/engine.rb:518:in `call'
  railties (4.2.3) lib/rails/application.rb:165:in `call'
  rack (1.6.4) lib/rack/lock.rb:17:in `call'
  rack (1.6.4) lib/rack/content_length.rb:15:in `call'
  rack (1.6.4) lib/rack/handler/webrick.rb:88:in `service'
  /Users/martinaweidenbaum1/.rvm/rubies/ruby-2.3.1/lib/ruby/2.3.0/webrick/httpserver.rb:140:in `service'
  /Users/martinaweidenbaum1/.rvm/rubies/ruby-2.3.1/lib/ruby/2.3.0/webrick/httpserver.rb:96:in `run'
  /Users/martinaweidenbaum1/.rvm/rubies/ruby-2.3.1/lib/ruby/2.3.0/webrick/server.rb:296:in `block in start_thread'


  Rendered /Users/martinaweidenbaum1/.rvm/gems/ruby-2.3.1/gems/actionpack-4.2.3/lib/action_dispatch/middleware/templates/rescues/_trace.html.erb (1.2ms)
  Rendered /Users/martinaweidenbaum1/.rvm/gems/ruby-2.3.1/gems/actionpack-4.2.3/lib/action_dispatch/middleware/templates/routes/_route.html.erb (0.6ms)
  Rendered /Users/martinaweidenbaum1/.rvm/gems/ruby-2.3.1/gems/actionpack-4.2.3/lib/action_dispatch/middleware/templates/routes/_table.html.erb (0.8ms)
  Rendered /Users/martinaweidenbaum1/.rvm/gems/ruby-2.3.1/gems/actionpack-4.2.3/lib/action_dispatch/middleware/templates/rescues/_request_and_response.html.erb (1.3ms)
  Rendered /Users/martinaweidenbaum1/.rvm/gems/ruby-2.3.1/gems/actionpack-4.2.3/lib/action_dispatch/middleware/templates/rescues/routing_error.html.erb within rescues/layout (52.3ms)
  Rendered /Users/martinaweidenbaum1/.rvm/gems/ruby-2.3.1/gems/web-console-2.2.1/lib/web_console/templates/_markup.html.erb (0.2ms)
  Rendered /Users/martinaweidenbaum1/.rvm/gems/ruby-2.3.1/gems/web-console-2.2.1/lib/web_console/templates/_inner_console_markup.html.erb within layouts/inlined_string (0.2ms)
  Rendered /Users/martinaweidenbaum1/.rvm/gems/ruby-2.3.1/gems/web-console-2.2.1/lib/web_console/templates/_prompt_box_markup.html.erb within layouts/inlined_string (0.2ms)
  Rendered /Users/martinaweidenbaum1/.rvm/gems/ruby-2.3.1/gems/web-console-2.2.1/lib/web_console/templates/style.css.erb within layouts/inlined_string (0.2ms)
  Rendered /Users/martinaweidenbaum1/.rvm/gems/ruby-2.3.1/gems/web-console-2.2.1/lib/web_console/templates/console.js.erb within layouts/javascript (34.4ms)
  Rendered /Users/martinaweidenbaum1/.rvm/gems/ruby-2.3.1/gems/web-console-2.2.1/lib/web_console/templates/main.js.erb within layouts/javascript (0.2ms)
  Rendered /Users/martinaweidenbaum1/.rvm/gems/ruby-2.3.1/gems/web-console-2.2.1/lib/web_console/templates/error_page.js.erb within layouts/javascript (0.3ms)
  Rendered /Users/martinaweidenbaum1/.rvm/gems/ruby-2.3.1/gems/web-console-2.2.1/lib/web_console/templates/index.html.erb (80.0ms)


Started GET "/students" for ::1 at 2017-08-13 10:20:55 -0400

ActionController::RoutingError (No route matches [GET] "/students"):
  actionpack (4.2.3) lib/action_dispatch/middleware/debug_exceptions.rb:21:in `call'
  web-console (2.2.1) lib/web_console/middleware.rb:39:in `call'
  actionpack (4.2.3) lib/action_dispatch/middleware/show_exceptions.rb:30:in `call'
  railties (4.2.3) lib/rails/rack/logger.rb:38:in `call_app'
  railties (4.2.3) lib/rails/rack/logger.rb:20:in `block in call'
  activesupport (4.2.3) lib/active_support/tagged_logging.rb:68:in `block in tagged'
  activesupport (4.2.3) lib/active_support/tagged_logging.rb:26:in `tagged'
  activesupport (4.2.3) lib/active_support/tagged_logging.rb:68:in `tagged'
  railties (4.2.3) lib/rails/rack/logger.rb:20:in `call'
  actionpack (4.2.3) lib/action_dispatch/middleware/request_id.rb:21:in `call'
  rack (1.6.4) lib/rack/methodoverride.rb:22:in `call'
  rack (1.6.4) lib/rack/runtime.rb:18:in `call'
  activesupport (4.2.3) lib/active_support/cache/strategy/local_cache_middleware.rb:28:in `call'
  rack (1.6.4) lib/rack/lock.rb:17:in `call'
  actionpack (4.2.3) lib/action_dispatch/middleware/static.rb:116:in `call'
  rack (1.6.4) lib/rack/sendfile.rb:113:in `call'
  railties (4.2.3) lib/rails/engine.rb:518:in `call'
  railties (4.2.3) lib/rails/application.rb:165:in `call'
  rack (1.6.4) lib/rack/lock.rb:17:in `call'
  rack (1.6.4) lib/rack/content_length.rb:15:in `call'
  rack (1.6.4) lib/rack/handler/webrick.rb:88:in `service'
  /Users/martinaweidenbaum1/.rvm/rubies/ruby-2.3.1/lib/ruby/2.3.0/webrick/httpserver.rb:140:in `service'
  /Users/martinaweidenbaum1/.rvm/rubies/ruby-2.3.1/lib/ruby/2.3.0/webrick/httpserver.rb:96:in `run'
  /Users/martinaweidenbaum1/.rvm/rubies/ruby-2.3.1/lib/ruby/2.3.0/webrick/server.rb:296:in `block in start_thread'


  Rendered /Users/martinaweidenbaum1/.rvm/gems/ruby-2.3.1/gems/actionpack-4.2.3/lib/action_dispatch/middleware/templates/rescues/_trace.html.erb (1.0ms)
  Rendered /Users/martinaweidenbaum1/.rvm/gems/ruby-2.3.1/gems/actionpack-4.2.3/lib/action_dispatch/middleware/templates/routes/_route.html.erb (0.6ms)
  Rendered /Users/martinaweidenbaum1/.rvm/gems/ruby-2.3.1/gems/actionpack-4.2.3/lib/action_dispatch/middleware/templates/routes/_table.html.erb (1.1ms)
  Rendered /Users/martinaweidenbaum1/.rvm/gems/ruby-2.3.1/gems/actionpack-4.2.3/lib/action_dispatch/middleware/templates/rescues/_request_and_response.html.erb (1.1ms)
  Rendered /Users/martinaweidenbaum1/.rvm/gems/ruby-2.3.1/gems/actionpack-4.2.3/lib/action_dispatch/middleware/templates/rescues/routing_error.html.erb within rescues/layout (55.0ms)
  Rendered /Users/martinaweidenbaum1/.rvm/gems/ruby-2.3.1/gems/web-console-2.2.1/lib/web_console/templates/_markup.html.erb (0.3ms)
  Rendered /Users/martinaweidenbaum1/.rvm/gems/ruby-2.3.1/gems/web-console-2.2.1/lib/web_console/templates/_inner_console_markup.html.erb within layouts/inlined_string (0.2ms)
  Rendered /Users/martinaweidenbaum1/.rvm/gems/ruby-2.3.1/gems/web-console-2.2.1/lib/web_console/templates/_prompt_box_markup.html.erb within layouts/inlined_string (0.2ms)
  Rendered /Users/martinaweidenbaum1/.rvm/gems/ruby-2.3.1/gems/web-console-2.2.1/lib/web_console/templates/style.css.erb within layouts/inlined_string (0.3ms)
  Rendered /Users/martinaweidenbaum1/.rvm/gems/ruby-2.3.1/gems/web-console-2.2.1/lib/web_console/templates/console.js.erb within layouts/javascript (36.3ms)
  Rendered /Users/martinaweidenbaum1/.rvm/gems/ruby-2.3.1/gems/web-console-2.2.1/lib/web_console/templates/main.js.erb within layouts/javascript (0.2ms)
  Rendered /Users/martinaweidenbaum1/.rvm/gems/ruby-2.3.1/gems/web-console-2.2.1/lib/web_console/templates/error_page.js.erb within layouts/javascript (0.3ms)
  Rendered /Users/martinaweidenbaum1/.rvm/gems/ruby-2.3.1/gems/web-console-2.2.1/lib/web_console/templates/index.html.erb (78.2ms)
  [1m[36mStudent Load (0.9ms)[0m  [1mSELECT "students".* FROM "students"[0m


Started GET "/students" for ::1 at 2017-08-13 10:23:05 -0400

ActionController::RoutingError (No route matches [GET] "/students"):
  actionpack (4.2.3) lib/action_dispatch/middleware/debug_exceptions.rb:21:in `call'
  web-console (2.2.1) lib/web_console/middleware.rb:39:in `call'
  actionpack (4.2.3) lib/action_dispatch/middleware/show_exceptions.rb:30:in `call'
  railties (4.2.3) lib/rails/rack/logger.rb:38:in `call_app'
  railties (4.2.3) lib/rails/rack/logger.rb:20:in `block in call'
  activesupport (4.2.3) lib/active_support/tagged_logging.rb:68:in `block in tagged'
  activesupport (4.2.3) lib/active_support/tagged_logging.rb:26:in `tagged'
  activesupport (4.2.3) lib/active_support/tagged_logging.rb:68:in `tagged'
  railties (4.2.3) lib/rails/rack/logger.rb:20:in `call'
  actionpack (4.2.3) lib/action_dispatch/middleware/request_id.rb:21:in `call'
  rack (1.6.4) lib/rack/methodoverride.rb:22:in `call'
  rack (1.6.4) lib/rack/runtime.rb:18:in `call'
  activesupport (4.2.3) lib/active_support/cache/strategy/local_cache_middleware.rb:28:in `call'
  rack (1.6.4) lib/rack/lock.rb:17:in `call'
  actionpack (4.2.3) lib/action_dispatch/middleware/static.rb:116:in `call'
  rack (1.6.4) lib/rack/sendfile.rb:113:in `call'
  railties (4.2.3) lib/rails/engine.rb:518:in `call'
  railties (4.2.3) lib/rails/application.rb:165:in `call'
  rack (1.6.4) lib/rack/lock.rb:17:in `call'
  rack (1.6.4) lib/rack/content_length.rb:15:in `call'
  rack (1.6.4) lib/rack/handler/webrick.rb:88:in `service'
  /Users/martinaweidenbaum1/.rvm/rubies/ruby-2.3.1/lib/ruby/2.3.0/webrick/httpserver.rb:140:in `service'
  /Users/martinaweidenbaum1/.rvm/rubies/ruby-2.3.1/lib/ruby/2.3.0/webrick/httpserver.rb:96:in `run'
  /Users/martinaweidenbaum1/.rvm/rubies/ruby-2.3.1/lib/ruby/2.3.0/webrick/server.rb:296:in `block in start_thread'


  Rendered /Users/martinaweidenbaum1/.rvm/gems/ruby-2.3.1/gems/actionpack-4.2.3/lib/action_dispatch/middleware/templates/rescues/_trace.html.erb (0.9ms)
  Rendered /Users/martinaweidenbaum1/.rvm/gems/ruby-2.3.1/gems/actionpack-4.2.3/lib/action_dispatch/middleware/templates/routes/_route.html.erb (0.7ms)
  Rendered /Users/martinaweidenbaum1/.rvm/gems/ruby-2.3.1/gems/actionpack-4.2.3/lib/action_dispatch/middleware/templates/routes/_table.html.erb (0.8ms)
  Rendered /Users/martinaweidenbaum1/.rvm/gems/ruby-2.3.1/gems/actionpack-4.2.3/lib/action_dispatch/middleware/templates/rescues/_request_and_response.html.erb (1.1ms)
  Rendered /Users/martinaweidenbaum1/.rvm/gems/ruby-2.3.1/gems/actionpack-4.2.3/lib/action_dispatch/middleware/templates/rescues/routing_error.html.erb within rescues/layout (51.8ms)
  Rendered /Users/martinaweidenbaum1/.rvm/gems/ruby-2.3.1/gems/web-console-2.2.1/lib/web_console/templates/_markup.html.erb (0.2ms)
  Rendered /Users/martinaweidenbaum1/.rvm/gems/ruby-2.3.1/gems/web-console-2.2.1/lib/web_console/templates/_inner_console_markup.html.erb within layouts/inlined_string (0.2ms)
  Rendered /Users/martinaweidenbaum1/.rvm/gems/ruby-2.3.1/gems/web-console-2.2.1/lib/web_console/templates/_prompt_box_markup.html.erb within layouts/inlined_string (0.3ms)
  Rendered /Users/martinaweidenbaum1/.rvm/gems/ruby-2.3.1/gems/web-console-2.2.1/lib/web_console/templates/style.css.erb within layouts/inlined_string (0.4ms)
  Rendered /Users/martinaweidenbaum1/.rvm/gems/ruby-2.3.1/gems/web-console-2.2.1/lib/web_console/templates/console.js.erb within layouts/javascript (38.1ms)
  Rendered /Users/martinaweidenbaum1/.rvm/gems/ruby-2.3.1/gems/web-console-2.2.1/lib/web_console/templates/main.js.erb within layouts/javascript (0.2ms)
  Rendered /Users/martinaweidenbaum1/.rvm/gems/ruby-2.3.1/gems/web-console-2.2.1/lib/web_console/templates/error_page.js.erb within layouts/javascript (0.4ms)
  Rendered /Users/martinaweidenbaum1/.rvm/gems/ruby-2.3.1/gems/web-console-2.2.1/lib/web_console/templates/index.html.erb (83.7ms)
  [1m[36m (2.6ms)[0m  [1mCREATE TABLE "schema_migrations" ("version" varchar NOT NULL) [0m
  [1m[35m (0.1ms)[0m  select sqlite_version(*)
  [1m[36m (0.9ms)[0m  [1mCREATE UNIQUE INDEX "unique_schema_migrations" ON "schema_migrations" ("version")[0m
  [1m[35mActiveRecord::SchemaMigration Load (0.1ms)[0m  SELECT "schema_migrations".* FROM "schema_migrations"
Migrating to CreateStudents (1)
  [1m[36m (0.1ms)[0m  [1mbegin transaction[0m
  [1m[35m (0.3ms)[0m  CREATE TABLE "students" ("id" INTEGER PRIMARY KEY AUTOINCREMENT NOT NULL, "first_name" varchar, "last_name" varchar, "created_at" datetime NOT NULL, "updated_at" datetime NOT NULL) 
  [1m[36mSQL (0.1ms)[0m  [1mINSERT INTO "schema_migrations" ("version") VALUES (?)[0m  [["version", "1"]]
  [1m[35m (0.8ms)[0m  commit transaction
  [1m[36mActiveRecord::SchemaMigration Load (0.1ms)[0m  [1mSELECT "schema_migrations".* FROM "schema_migrations"[0m
  [1m[36mActiveRecord::SchemaMigration Load (0.1ms)[0m  [1mSELECT "schema_migrations".* FROM "schema_migrations"[0m
  [1m[36mStudent Load (0.9ms)[0m  [1mSELECT "students".* FROM "students"[0m
  [1m[36mActiveRecord::SchemaMigration Load (0.1ms)[0m  [1mSELECT "schema_migrations".* FROM "schema_migrations"[0m
  [1m[35m (0.0ms)[0m  begin transaction
  [1m[36mSQL (0.3ms)[0m  [1mINSERT INTO "students" ("first_name", "last_name", "created_at", "updated_at") VALUES (?, ?, ?, ?)[0m  [["first_name", "Martina"], ["last_name", "Weidenbaum"], ["created_at", "2017-08-13 14:24:36.596717"], ["updated_at", "2017-08-13 14:24:36.596717"]]
  [1m[35m (2.4ms)[0m  commit transaction
  [1m[36m (0.0ms)[0m  [1mbegin transaction[0m
  [1m[35mSQL (0.2ms)[0m  INSERT INTO "students" ("first_name", "last_name", "created_at", "updated_at") VALUES (?, ?, ?, ?)  [["first_name", "Stacey"], ["last_name", "Astoveza"], ["created_at", "2017-08-13 14:24:36.601685"], ["updated_at", "2017-08-13 14:24:36.601685"]]
  [1m[36m (0.5ms)[0m  [1mcommit transaction[0m
  [1m[35m (0.0ms)[0m  begin transaction
  [1m[36mSQL (0.2ms)[0m  [1mINSERT INTO "students" ("first_name", "last_name", "created_at", "updated_at") VALUES (?, ?, ?, ?)[0m  [["first_name", "David"], ["last_name", "Epstein"], ["created_at", "2017-08-13 14:24:36.603400"], ["updated_at", "2017-08-13 14:24:36.603400"]]
  [1m[35m (0.5ms)[0m  commit transaction
  [1m[36m (0.0ms)[0m  [1mbegin transaction[0m
  [1m[35mSQL (0.1ms)[0m  INSERT INTO "students" ("first_name", "last_name", "created_at", "updated_at") VALUES (?, ?, ?, ?)  [["first_name", "Emily"], ["last_name", "Michelle"], ["created_at", "2017-08-13 14:24:36.604882"], ["updated_at", "2017-08-13 14:24:36.604882"]]
  [1m[36m (0.5ms)[0m  [1mcommit transaction[0m
  [1m[36mStudent Load (0.8ms)[0m  [1mSELECT "students".* FROM "students"[0m


Started GET "/students" for ::1 at 2017-08-13 10:24:51 -0400

ActionController::RoutingError (No route matches [GET] "/students"):
  actionpack (4.2.3) lib/action_dispatch/middleware/debug_exceptions.rb:21:in `call'
  web-console (2.2.1) lib/web_console/middleware.rb:39:in `call'
  actionpack (4.2.3) lib/action_dispatch/middleware/show_exceptions.rb:30:in `call'
  railties (4.2.3) lib/rails/rack/logger.rb:38:in `call_app'
  railties (4.2.3) lib/rails/rack/logger.rb:20:in `block in call'
  activesupport (4.2.3) lib/active_support/tagged_logging.rb:68:in `block in tagged'
  activesupport (4.2.3) lib/active_support/tagged_logging.rb:26:in `tagged'
  activesupport (4.2.3) lib/active_support/tagged_logging.rb:68:in `tagged'
  railties (4.2.3) lib/rails/rack/logger.rb:20:in `call'
  actionpack (4.2.3) lib/action_dispatch/middleware/request_id.rb:21:in `call'
  rack (1.6.4) lib/rack/methodoverride.rb:22:in `call'
  rack (1.6.4) lib/rack/runtime.rb:18:in `call'
  activesupport (4.2.3) lib/active_support/cache/strategy/local_cache_middleware.rb:28:in `call'
  rack (1.6.4) lib/rack/lock.rb:17:in `call'
  actionpack (4.2.3) lib/action_dispatch/middleware/static.rb:116:in `call'
  rack (1.6.4) lib/rack/sendfile.rb:113:in `call'
  railties (4.2.3) lib/rails/engine.rb:518:in `call'
  railties (4.2.3) lib/rails/application.rb:165:in `call'
  rack (1.6.4) lib/rack/lock.rb:17:in `call'
  rack (1.6.4) lib/rack/content_length.rb:15:in `call'
  rack (1.6.4) lib/rack/handler/webrick.rb:88:in `service'
  /Users/martinaweidenbaum1/.rvm/rubies/ruby-2.3.1/lib/ruby/2.3.0/webrick/httpserver.rb:140:in `service'
  /Users/martinaweidenbaum1/.rvm/rubies/ruby-2.3.1/lib/ruby/2.3.0/webrick/httpserver.rb:96:in `run'
  /Users/martinaweidenbaum1/.rvm/rubies/ruby-2.3.1/lib/ruby/2.3.0/webrick/server.rb:296:in `block in start_thread'


  Rendered /Users/martinaweidenbaum1/.rvm/gems/ruby-2.3.1/gems/actionpack-4.2.3/lib/action_dispatch/middleware/templates/rescues/_trace.html.erb (1.1ms)
  Rendered /Users/martinaweidenbaum1/.rvm/gems/ruby-2.3.1/gems/actionpack-4.2.3/lib/action_dispatch/middleware/templates/routes/_route.html.erb (0.6ms)
  Rendered /Users/martinaweidenbaum1/.rvm/gems/ruby-2.3.1/gems/actionpack-4.2.3/lib/action_dispatch/middleware/templates/routes/_table.html.erb (1.1ms)
  Rendered /Users/martinaweidenbaum1/.rvm/gems/ruby-2.3.1/gems/actionpack-4.2.3/lib/action_dispatch/middleware/templates/rescues/_request_and_response.html.erb (1.5ms)
  Rendered /Users/martinaweidenbaum1/.rvm/gems/ruby-2.3.1/gems/actionpack-4.2.3/lib/action_dispatch/middleware/templates/rescues/routing_error.html.erb within rescues/layout (59.5ms)
  Rendered /Users/martinaweidenbaum1/.rvm/gems/ruby-2.3.1/gems/web-console-2.2.1/lib/web_console/templates/_markup.html.erb (0.3ms)
  Rendered /Users/martinaweidenbaum1/.rvm/gems/ruby-2.3.1/gems/web-console-2.2.1/lib/web_console/templates/_inner_console_markup.html.erb within layouts/inlined_string (0.2ms)
  Rendered /Users/martinaweidenbaum1/.rvm/gems/ruby-2.3.1/gems/web-console-2.2.1/lib/web_console/templates/_prompt_box_markup.html.erb within layouts/inlined_string (0.2ms)
  Rendered /Users/martinaweidenbaum1/.rvm/gems/ruby-2.3.1/gems/web-console-2.2.1/lib/web_console/templates/style.css.erb within layouts/inlined_string (0.3ms)
  Rendered /Users/martinaweidenbaum1/.rvm/gems/ruby-2.3.1/gems/web-console-2.2.1/lib/web_console/templates/console.js.erb within layouts/javascript (38.0ms)
  Rendered /Users/martinaweidenbaum1/.rvm/gems/ruby-2.3.1/gems/web-console-2.2.1/lib/web_console/templates/main.js.erb within layouts/javascript (0.2ms)
  Rendered /Users/martinaweidenbaum1/.rvm/gems/ruby-2.3.1/gems/web-console-2.2.1/lib/web_console/templates/error_page.js.erb within layouts/javascript (0.3ms)
  Rendered /Users/martinaweidenbaum1/.rvm/gems/ruby-2.3.1/gems/web-console-2.2.1/lib/web_console/templates/index.html.erb (83.8ms)


Started GET "/students" for ::1 at 2017-08-13 10:28:37 -0400

ActionController::RoutingError (uninitialized constant StudentsController):
  activesupport (4.2.3) lib/active_support/inflector/methods.rb:261:in `const_get'
  activesupport (4.2.3) lib/active_support/inflector/methods.rb:261:in `block in constantize'
  activesupport (4.2.3) lib/active_support/inflector/methods.rb:259:in `each'
  activesupport (4.2.3) lib/active_support/inflector/methods.rb:259:in `inject'
  activesupport (4.2.3) lib/active_support/inflector/methods.rb:259:in `constantize'
  actionpack (4.2.3) lib/action_dispatch/routing/route_set.rb:72:in `controller_reference'
  actionpack (4.2.3) lib/action_dispatch/routing/route_set.rb:62:in `controller'
  actionpack (4.2.3) lib/action_dispatch/routing/route_set.rb:41:in `serve'
  actionpack (4.2.3) lib/action_dispatch/journey/router.rb:43:in `block in serve'
  actionpack (4.2.3) lib/action_dispatch/journey/router.rb:30:in `each'
  actionpack (4.2.3) lib/action_dispatch/journey/router.rb:30:in `serve'
  actionpack (4.2.3) lib/action_dispatch/routing/route_set.rb:821:in `call'
  rack (1.6.4) lib/rack/etag.rb:24:in `call'
  rack (1.6.4) lib/rack/conditionalget.rb:25:in `call'
  rack (1.6.4) lib/rack/head.rb:13:in `call'
  actionpack (4.2.3) lib/action_dispatch/middleware/params_parser.rb:27:in `call'
  actionpack (4.2.3) lib/action_dispatch/middleware/flash.rb:260:in `call'
  rack (1.6.4) lib/rack/session/abstract/id.rb:225:in `context'
  rack (1.6.4) lib/rack/session/abstract/id.rb:220:in `call'
  actionpack (4.2.3) lib/action_dispatch/middleware/cookies.rb:560:in `call'
  activerecord (4.2.3) lib/active_record/query_cache.rb:36:in `call'
  activerecord (4.2.3) lib/active_record/connection_adapters/abstract/connection_pool.rb:653:in `call'
  activerecord (4.2.3) lib/active_record/migration.rb:377:in `call'
  actionpack (4.2.3) lib/action_dispatch/middleware/callbacks.rb:29:in `block in call'
  activesupport (4.2.3) lib/active_support/callbacks.rb:84:in `run_callbacks'
  actionpack (4.2.3) lib/action_dispatch/middleware/callbacks.rb:27:in `call'
  actionpack (4.2.3) lib/action_dispatch/middleware/reloader.rb:73:in `call'
  actionpack (4.2.3) lib/action_dispatch/middleware/remote_ip.rb:78:in `call'
  actionpack (4.2.3) lib/action_dispatch/middleware/debug_exceptions.rb:17:in `call'
  web-console (2.2.1) lib/web_console/middleware.rb:39:in `call'
  actionpack (4.2.3) lib/action_dispatch/middleware/show_exceptions.rb:30:in `call'
  railties (4.2.3) lib/rails/rack/logger.rb:38:in `call_app'
  railties (4.2.3) lib/rails/rack/logger.rb:20:in `block in call'
  activesupport (4.2.3) lib/active_support/tagged_logging.rb:68:in `block in tagged'
  activesupport (4.2.3) lib/active_support/tagged_logging.rb:26:in `tagged'
  activesupport (4.2.3) lib/active_support/tagged_logging.rb:68:in `tagged'
  railties (4.2.3) lib/rails/rack/logger.rb:20:in `call'
  actionpack (4.2.3) lib/action_dispatch/middleware/request_id.rb:21:in `call'
  rack (1.6.4) lib/rack/methodoverride.rb:22:in `call'
  rack (1.6.4) lib/rack/runtime.rb:18:in `call'
  activesupport (4.2.3) lib/active_support/cache/strategy/local_cache_middleware.rb:28:in `call'
  rack (1.6.4) lib/rack/lock.rb:17:in `call'
  actionpack (4.2.3) lib/action_dispatch/middleware/static.rb:116:in `call'
  rack (1.6.4) lib/rack/sendfile.rb:113:in `call'
  railties (4.2.3) lib/rails/engine.rb:518:in `call'
  railties (4.2.3) lib/rails/application.rb:165:in `call'
  rack (1.6.4) lib/rack/lock.rb:17:in `call'
  rack (1.6.4) lib/rack/content_length.rb:15:in `call'
  rack (1.6.4) lib/rack/handler/webrick.rb:88:in `service'
  /Users/martinaweidenbaum1/.rvm/rubies/ruby-2.3.1/lib/ruby/2.3.0/webrick/httpserver.rb:140:in `service'
  /Users/martinaweidenbaum1/.rvm/rubies/ruby-2.3.1/lib/ruby/2.3.0/webrick/httpserver.rb:96:in `run'
  /Users/martinaweidenbaum1/.rvm/rubies/ruby-2.3.1/lib/ruby/2.3.0/webrick/server.rb:296:in `block in start_thread'


  Rendered /Users/martinaweidenbaum1/.rvm/gems/ruby-2.3.1/gems/actionpack-4.2.3/lib/action_dispatch/middleware/templates/rescues/_trace.html.erb (1.2ms)
  Rendered /Users/martinaweidenbaum1/.rvm/gems/ruby-2.3.1/gems/actionpack-4.2.3/lib/action_dispatch/middleware/templates/routes/_route.html.erb (0.6ms)
  Rendered /Users/martinaweidenbaum1/.rvm/gems/ruby-2.3.1/gems/actionpack-4.2.3/lib/action_dispatch/middleware/templates/routes/_table.html.erb (0.8ms)
  Rendered /Users/martinaweidenbaum1/.rvm/gems/ruby-2.3.1/gems/actionpack-4.2.3/lib/action_dispatch/middleware/templates/rescues/_request_and_response.html.erb (1.3ms)
  Rendered /Users/martinaweidenbaum1/.rvm/gems/ruby-2.3.1/gems/actionpack-4.2.3/lib/action_dispatch/middleware/templates/rescues/routing_error.html.erb within rescues/layout (51.9ms)
  Rendered /Users/martinaweidenbaum1/.rvm/gems/ruby-2.3.1/gems/web-console-2.2.1/lib/web_console/templates/_markup.html.erb (0.4ms)
  Rendered /Users/martinaweidenbaum1/.rvm/gems/ruby-2.3.1/gems/web-console-2.2.1/lib/web_console/templates/_inner_console_markup.html.erb within layouts/inlined_string (0.3ms)
  Rendered /Users/martinaweidenbaum1/.rvm/gems/ruby-2.3.1/gems/web-console-2.2.1/lib/web_console/templates/_prompt_box_markup.html.erb within layouts/inlined_string (0.2ms)
  Rendered /Users/martinaweidenbaum1/.rvm/gems/ruby-2.3.1/gems/web-console-2.2.1/lib/web_console/templates/style.css.erb within layouts/inlined_string (0.2ms)
  Rendered /Users/martinaweidenbaum1/.rvm/gems/ruby-2.3.1/gems/web-console-2.2.1/lib/web_console/templates/console.js.erb within layouts/javascript (35.4ms)
  Rendered /Users/martinaweidenbaum1/.rvm/gems/ruby-2.3.1/gems/web-console-2.2.1/lib/web_console/templates/main.js.erb within layouts/javascript (0.2ms)
  Rendered /Users/martinaweidenbaum1/.rvm/gems/ruby-2.3.1/gems/web-console-2.2.1/lib/web_console/templates/error_page.js.erb within layouts/javascript (0.3ms)
  Rendered /Users/martinaweidenbaum1/.rvm/gems/ruby-2.3.1/gems/web-console-2.2.1/lib/web_console/templates/index.html.erb (81.3ms)


Started GET "/schoolclasses" for ::1 at 2017-08-13 10:29:05 -0400

ActionController::RoutingError (No route matches [GET] "/schoolclasses"):
  actionpack (4.2.3) lib/action_dispatch/middleware/debug_exceptions.rb:21:in `call'
  web-console (2.2.1) lib/web_console/middleware.rb:39:in `call'
  actionpack (4.2.3) lib/action_dispatch/middleware/show_exceptions.rb:30:in `call'
  railties (4.2.3) lib/rails/rack/logger.rb:38:in `call_app'
  railties (4.2.3) lib/rails/rack/logger.rb:20:in `block in call'
  activesupport (4.2.3) lib/active_support/tagged_logging.rb:68:in `block in tagged'
  activesupport (4.2.3) lib/active_support/tagged_logging.rb:26:in `tagged'
  activesupport (4.2.3) lib/active_support/tagged_logging.rb:68:in `tagged'
  railties (4.2.3) lib/rails/rack/logger.rb:20:in `call'
  actionpack (4.2.3) lib/action_dispatch/middleware/request_id.rb:21:in `call'
  rack (1.6.4) lib/rack/methodoverride.rb:22:in `call'
  rack (1.6.4) lib/rack/runtime.rb:18:in `call'
  activesupport (4.2.3) lib/active_support/cache/strategy/local_cache_middleware.rb:28:in `call'
  rack (1.6.4) lib/rack/lock.rb:17:in `call'
  actionpack (4.2.3) lib/action_dispatch/middleware/static.rb:116:in `call'
  rack (1.6.4) lib/rack/sendfile.rb:113:in `call'
  railties (4.2.3) lib/rails/engine.rb:518:in `call'
  railties (4.2.3) lib/rails/application.rb:165:in `call'
  rack (1.6.4) lib/rack/lock.rb:17:in `call'
  rack (1.6.4) lib/rack/content_length.rb:15:in `call'
  rack (1.6.4) lib/rack/handler/webrick.rb:88:in `service'
  /Users/martinaweidenbaum1/.rvm/rubies/ruby-2.3.1/lib/ruby/2.3.0/webrick/httpserver.rb:140:in `service'
  /Users/martinaweidenbaum1/.rvm/rubies/ruby-2.3.1/lib/ruby/2.3.0/webrick/httpserver.rb:96:in `run'
  /Users/martinaweidenbaum1/.rvm/rubies/ruby-2.3.1/lib/ruby/2.3.0/webrick/server.rb:296:in `block in start_thread'


  Rendered /Users/martinaweidenbaum1/.rvm/gems/ruby-2.3.1/gems/actionpack-4.2.3/lib/action_dispatch/middleware/templates/rescues/_trace.html.erb (1.1ms)
  Rendered /Users/martinaweidenbaum1/.rvm/gems/ruby-2.3.1/gems/actionpack-4.2.3/lib/action_dispatch/middleware/templates/routes/_route.html.erb (0.6ms)
  Rendered /Users/martinaweidenbaum1/.rvm/gems/ruby-2.3.1/gems/actionpack-4.2.3/lib/action_dispatch/middleware/templates/routes/_table.html.erb (1.0ms)
  Rendered /Users/martinaweidenbaum1/.rvm/gems/ruby-2.3.1/gems/actionpack-4.2.3/lib/action_dispatch/middleware/templates/rescues/_request_and_response.html.erb (1.3ms)
  Rendered /Users/martinaweidenbaum1/.rvm/gems/ruby-2.3.1/gems/actionpack-4.2.3/lib/action_dispatch/middleware/templates/rescues/routing_error.html.erb within rescues/layout (53.6ms)
  Rendered /Users/martinaweidenbaum1/.rvm/gems/ruby-2.3.1/gems/web-console-2.2.1/lib/web_console/templates/_markup.html.erb (0.2ms)
  Rendered /Users/martinaweidenbaum1/.rvm/gems/ruby-2.3.1/gems/web-console-2.2.1/lib/web_console/templates/_inner_console_markup.html.erb within layouts/inlined_string (0.3ms)
  Rendered /Users/martinaweidenbaum1/.rvm/gems/ruby-2.3.1/gems/web-console-2.2.1/lib/web_console/templates/_prompt_box_markup.html.erb within layouts/inlined_string (0.2ms)
  Rendered /Users/martinaweidenbaum1/.rvm/gems/ruby-2.3.1/gems/web-console-2.2.1/lib/web_console/templates/style.css.erb within layouts/inlined_string (0.2ms)
  Rendered /Users/martinaweidenbaum1/.rvm/gems/ruby-2.3.1/gems/web-console-2.2.1/lib/web_console/templates/console.js.erb within layouts/javascript (32.2ms)
  Rendered /Users/martinaweidenbaum1/.rvm/gems/ruby-2.3.1/gems/web-console-2.2.1/lib/web_console/templates/main.js.erb within layouts/javascript (0.2ms)
  Rendered /Users/martinaweidenbaum1/.rvm/gems/ruby-2.3.1/gems/web-console-2.2.1/lib/web_console/templates/error_page.js.erb within layouts/javascript (0.3ms)
  Rendered /Users/martinaweidenbaum1/.rvm/gems/ruby-2.3.1/gems/web-console-2.2.1/lib/web_console/templates/index.html.erb (72.7ms)


Started GET "/students" for ::1 at 2017-08-13 10:30:16 -0400
Processing by StudentsController#index as HTML
  Rendered students/index.html.erb within layouts/application (0.2ms)
Completed 200 OK in 1408ms (Views: 1406.9ms | ActiveRecord: 0.0ms)
  [1m[36m (2.2ms)[0m  [1mCREATE TABLE "schema_migrations" ("version" varchar NOT NULL) [0m
  [1m[35m (0.1ms)[0m  select sqlite_version(*)
  [1m[36m (1.4ms)[0m  [1mCREATE UNIQUE INDEX "unique_schema_migrations" ON "schema_migrations" ("version")[0m
  [1m[35mActiveRecord::SchemaMigration Load (0.1ms)[0m  SELECT "schema_migrations".* FROM "schema_migrations"
Migrating to CreateStudents (1)
  [1m[36m (0.1ms)[0m  [1mbegin transaction[0m
  [1m[35m (0.3ms)[0m  CREATE TABLE "students" ("id" INTEGER PRIMARY KEY AUTOINCREMENT NOT NULL, "first_name" varchar, "last_name" varchar, "created_at" datetime NOT NULL, "updated_at" datetime NOT NULL) 
  [1m[36mSQL (0.1ms)[0m  [1mINSERT INTO "schema_migrations" ("version") VALUES (?)[0m  [["version", "1"]]
  [1m[35m (0.5ms)[0m  commit transaction
Migrating to CreateSchoolClasses (2)
  [1m[36m (0.0ms)[0m  [1mbegin transaction[0m
  [1m[35m (0.3ms)[0m  CREATE TABLE "school_classes" ("id" INTEGER PRIMARY KEY AUTOINCREMENT NOT NULL, "title" varchar, "room_number" integer, "created_at" datetime NOT NULL, "updated_at" datetime NOT NULL) 
  [1m[36mSQL (0.1ms)[0m  [1mINSERT INTO "schema_migrations" ("version") VALUES (?)[0m  [["version", "2"]]
  [1m[35m (1.0ms)[0m  commit transaction
  [1m[36mActiveRecord::SchemaMigration Load (0.1ms)[0m  [1mSELECT "schema_migrations".* FROM "schema_migrations"[0m
  [1m[36mStudent Load (1.0ms)[0m  [1mSELECT "students".* FROM "students"[0m
  [1m[36mActiveRecord::SchemaMigration Load (0.1ms)[0m  [1mSELECT "schema_migrations".* FROM "schema_migrations"[0m
  [1m[35m (0.0ms)[0m  begin transaction
  [1m[36mSQL (0.3ms)[0m  [1mINSERT INTO "students" ("first_name", "last_name", "created_at", "updated_at") VALUES (?, ?, ?, ?)[0m  [["first_name", "Martina"], ["last_name", "Weidenbaum"], ["created_at", "2017-08-13 14:34:46.377886"], ["updated_at", "2017-08-13 14:34:46.377886"]]
  [1m[35m (2.3ms)[0m  commit transaction
  [1m[36m (0.1ms)[0m  [1mbegin transaction[0m
  [1m[35mSQL (0.2ms)[0m  INSERT INTO "students" ("first_name", "last_name", "created_at", "updated_at") VALUES (?, ?, ?, ?)  [["first_name", "Stacey"], ["last_name", "Astoveza"], ["created_at", "2017-08-13 14:34:46.382985"], ["updated_at", "2017-08-13 14:34:46.382985"]]
  [1m[36m (0.7ms)[0m  [1mcommit transaction[0m
  [1m[35m (0.0ms)[0m  begin transaction
  [1m[36mSQL (0.2ms)[0m  [1mINSERT INTO "students" ("first_name", "last_name", "created_at", "updated_at") VALUES (?, ?, ?, ?)[0m  [["first_name", "David"], ["last_name", "Epstein"], ["created_at", "2017-08-13 14:34:46.385076"], ["updated_at", "2017-08-13 14:34:46.385076"]]
  [1m[35m (0.5ms)[0m  commit transaction
  [1m[36m (0.0ms)[0m  [1mbegin transaction[0m
  [1m[35mSQL (0.2ms)[0m  INSERT INTO "students" ("first_name", "last_name", "created_at", "updated_at") VALUES (?, ?, ?, ?)  [["first_name", "Emily"], ["last_name", "Michelle"], ["created_at", "2017-08-13 14:34:46.386688"], ["updated_at", "2017-08-13 14:34:46.386688"]]
  [1m[36m (0.8ms)[0m  [1mcommit transaction[0m
  [1m[36mStudent Load (1.0ms)[0m  [1mSELECT "students".* FROM "students"[0m


Started GET "/school_classes" for ::1 at 2017-08-13 10:38:38 -0400
  [1m[35mActiveRecord::SchemaMigration Load (0.1ms)[0m  SELECT "schema_migrations".* FROM "schema_migrations"
Processing by SchoolClassesController#index as HTML
  Rendered school_classes/index.html.erb within layouts/application (0.3ms)
Completed 200 OK in 19ms (Views: 18.0ms | ActiveRecord: 0.0ms)


Started GET "/students" for ::1 at 2017-08-13 10:54:53 -0400
Processing by StudentsController#index as HTML
  [1m[36mStudent Load (0.2ms)[0m  [1mSELECT "students".* FROM "students"[0m
  Rendered students/index.html.erb within layouts/application (4.0ms)
Completed 200 OK in 21ms (Views: 19.5ms | ActiveRecord: 0.4ms)


Started GET "/school_class" for ::1 at 2017-08-13 10:57:57 -0400

ActionController::RoutingError (No route matches [GET] "/school_class"):
  actionpack (4.2.3) lib/action_dispatch/middleware/debug_exceptions.rb:21:in `call'
  web-console (2.2.1) lib/web_console/middleware.rb:39:in `call'
  actionpack (4.2.3) lib/action_dispatch/middleware/show_exceptions.rb:30:in `call'
  railties (4.2.3) lib/rails/rack/logger.rb:38:in `call_app'
  railties (4.2.3) lib/rails/rack/logger.rb:20:in `block in call'
  activesupport (4.2.3) lib/active_support/tagged_logging.rb:68:in `block in tagged'
  activesupport (4.2.3) lib/active_support/tagged_logging.rb:26:in `tagged'
  activesupport (4.2.3) lib/active_support/tagged_logging.rb:68:in `tagged'
  railties (4.2.3) lib/rails/rack/logger.rb:20:in `call'
  actionpack (4.2.3) lib/action_dispatch/middleware/request_id.rb:21:in `call'
  rack (1.6.4) lib/rack/methodoverride.rb:22:in `call'
  rack (1.6.4) lib/rack/runtime.rb:18:in `call'
  activesupport (4.2.3) lib/active_support/cache/strategy/local_cache_middleware.rb:28:in `call'
  rack (1.6.4) lib/rack/lock.rb:17:in `call'
  actionpack (4.2.3) lib/action_dispatch/middleware/static.rb:116:in `call'
  rack (1.6.4) lib/rack/sendfile.rb:113:in `call'
  railties (4.2.3) lib/rails/engine.rb:518:in `call'
  railties (4.2.3) lib/rails/application.rb:165:in `call'
  rack (1.6.4) lib/rack/lock.rb:17:in `call'
  rack (1.6.4) lib/rack/content_length.rb:15:in `call'
  rack (1.6.4) lib/rack/handler/webrick.rb:88:in `service'
  /Users/martinaweidenbaum1/.rvm/rubies/ruby-2.3.1/lib/ruby/2.3.0/webrick/httpserver.rb:140:in `service'
  /Users/martinaweidenbaum1/.rvm/rubies/ruby-2.3.1/lib/ruby/2.3.0/webrick/httpserver.rb:96:in `run'
  /Users/martinaweidenbaum1/.rvm/rubies/ruby-2.3.1/lib/ruby/2.3.0/webrick/server.rb:296:in `block in start_thread'


  Rendered /Users/martinaweidenbaum1/.rvm/gems/ruby-2.3.1/gems/actionpack-4.2.3/lib/action_dispatch/middleware/templates/rescues/_trace.html.erb (1.4ms)
  Rendered /Users/martinaweidenbaum1/.rvm/gems/ruby-2.3.1/gems/actionpack-4.2.3/lib/action_dispatch/middleware/templates/routes/_route.html.erb (0.8ms)
  Rendered /Users/martinaweidenbaum1/.rvm/gems/ruby-2.3.1/gems/actionpack-4.2.3/lib/action_dispatch/middleware/templates/routes/_table.html.erb (0.8ms)
  Rendered /Users/martinaweidenbaum1/.rvm/gems/ruby-2.3.1/gems/actionpack-4.2.3/lib/action_dispatch/middleware/templates/rescues/_request_and_response.html.erb (0.8ms)
  Rendered /Users/martinaweidenbaum1/.rvm/gems/ruby-2.3.1/gems/actionpack-4.2.3/lib/action_dispatch/middleware/templates/rescues/routing_error.html.erb within rescues/layout (56.7ms)
  Rendered /Users/martinaweidenbaum1/.rvm/gems/ruby-2.3.1/gems/web-console-2.2.1/lib/web_console/templates/_markup.html.erb (0.3ms)
  Rendered /Users/martinaweidenbaum1/.rvm/gems/ruby-2.3.1/gems/web-console-2.2.1/lib/web_console/templates/_inner_console_markup.html.erb within layouts/inlined_string (0.2ms)
  Rendered /Users/martinaweidenbaum1/.rvm/gems/ruby-2.3.1/gems/web-console-2.2.1/lib/web_console/templates/_prompt_box_markup.html.erb within layouts/inlined_string (0.2ms)
  Rendered /Users/martinaweidenbaum1/.rvm/gems/ruby-2.3.1/gems/web-console-2.2.1/lib/web_console/templates/style.css.erb within layouts/inlined_string (0.3ms)
  Rendered /Users/martinaweidenbaum1/.rvm/gems/ruby-2.3.1/gems/web-console-2.2.1/lib/web_console/templates/console.js.erb within layouts/javascript (35.0ms)
  Rendered /Users/martinaweidenbaum1/.rvm/gems/ruby-2.3.1/gems/web-console-2.2.1/lib/web_console/templates/main.js.erb within layouts/javascript (0.2ms)
  Rendered /Users/martinaweidenbaum1/.rvm/gems/ruby-2.3.1/gems/web-console-2.2.1/lib/web_console/templates/error_page.js.erb within layouts/javascript (0.3ms)
  Rendered /Users/martinaweidenbaum1/.rvm/gems/ruby-2.3.1/gems/web-console-2.2.1/lib/web_console/templates/index.html.erb (80.0ms)


Started GET "/school_classes" for ::1 at 2017-08-13 10:58:06 -0400
Processing by SchoolClassesController#index as HTML
  Rendered school_classes/index.html.erb within layouts/application (0.5ms)
Completed 500 Internal Server Error in 5ms (ActiveRecord: 0.0ms)

SyntaxError (/Users/martinaweidenbaum1/Desktop/Development/learn_labs/rails-form_for-lab-web-071717/app/views/school_classes/index.html.erb:1: syntax error, unexpected keyword_class, expecting '|'
...er.new; @classes.each do |class| 
...                               ^
/Users/martinaweidenbaum1/Desktop/Development/learn_labs/rails-form_for-lab-web-071717/app/views/school_classes/index.html.erb:2: syntax error, unexpected '.'
...;@output_buffer.append=( class.title );@output_buffer.safe_a...
...                               ^
/Users/martinaweidenbaum1/Desktop/Development/learn_labs/rails-form_for-lab-web-071717/app/views/school_classes/index.html.erb:4: syntax error, unexpected keyword_ensure, expecting end-of-input):
  app/views/school_classes/index.html.erb:1: syntax error, unexpected keyword_class, expecting '|'
  app/views/school_classes/index.html.erb:2: syntax error, unexpected '.'
  app/views/school_classes/index.html.erb:4: syntax error, unexpected keyword_ensure, expecting end-of-input


  Rendered /Users/martinaweidenbaum1/.rvm/gems/ruby-2.3.1/gems/actionpack-4.2.3/lib/action_dispatch/middleware/templates/rescues/_source.erb (5.4ms)
  Rendered /Users/martinaweidenbaum1/.rvm/gems/ruby-2.3.1/gems/actionpack-4.2.3/lib/action_dispatch/middleware/templates/rescues/_trace.html.erb (2.8ms)
  Rendered /Users/martinaweidenbaum1/.rvm/gems/ruby-2.3.1/gems/actionpack-4.2.3/lib/action_dispatch/middleware/templates/rescues/_request_and_response.html.erb (0.6ms)
  Rendered /Users/martinaweidenbaum1/.rvm/gems/ruby-2.3.1/gems/actionpack-4.2.3/lib/action_dispatch/middleware/templates/rescues/diagnostics.html.erb within rescues/layout (45.2ms)
  Rendered /Users/martinaweidenbaum1/.rvm/gems/ruby-2.3.1/gems/web-console-2.2.1/lib/web_console/templates/_markup.html.erb (0.2ms)
  Rendered /Users/martinaweidenbaum1/.rvm/gems/ruby-2.3.1/gems/web-console-2.2.1/lib/web_console/templates/_inner_console_markup.html.erb within layouts/inlined_string (0.2ms)
  Rendered /Users/martinaweidenbaum1/.rvm/gems/ruby-2.3.1/gems/web-console-2.2.1/lib/web_console/templates/_prompt_box_markup.html.erb within layouts/inlined_string (0.2ms)
  Rendered /Users/martinaweidenbaum1/.rvm/gems/ruby-2.3.1/gems/web-console-2.2.1/lib/web_console/templates/style.css.erb within layouts/inlined_string (0.4ms)
  Rendered /Users/martinaweidenbaum1/.rvm/gems/ruby-2.3.1/gems/web-console-2.2.1/lib/web_console/templates/console.js.erb within layouts/javascript (34.1ms)
  Rendered /Users/martinaweidenbaum1/.rvm/gems/ruby-2.3.1/gems/web-console-2.2.1/lib/web_console/templates/main.js.erb within layouts/javascript (0.2ms)
  Rendered /Users/martinaweidenbaum1/.rvm/gems/ruby-2.3.1/gems/web-console-2.2.1/lib/web_console/templates/error_page.js.erb within layouts/javascript (0.4ms)
  Rendered /Users/martinaweidenbaum1/.rvm/gems/ruby-2.3.1/gems/web-console-2.2.1/lib/web_console/templates/index.html.erb (75.2ms)
  [1m[36mSchoolClass Load (1.1ms)[0m  [1mSELECT "school_classes".* FROM "school_classes"[0m
  [1m[35mStudent Load (0.2ms)[0m  SELECT "students".* FROM "students"
  [1m[36mStudent Load (0.2ms)[0m  [1mSELECT "students".* FROM "students"[0m
  [1m[35m (0.1ms)[0m  begin transaction
  [1m[36mSQL (0.9ms)[0m  [1mDELETE FROM "students" WHERE "students"."id" = ?[0m  [["id", 1]]
  [1m[35m (1.9ms)[0m  commit transaction
  [1m[36m (0.0ms)[0m  [1mbegin transaction[0m
  [1m[35mSQL (0.1ms)[0m  DELETE FROM "students" WHERE "students"."id" = ?  [["id", 2]]
  [1m[36m (0.5ms)[0m  [1mcommit transaction[0m
  [1m[35m (0.1ms)[0m  begin transaction
  [1m[36mSQL (0.2ms)[0m  [1mDELETE FROM "students" WHERE "students"."id" = ?[0m  [["id", 3]]
  [1m[35m (0.6ms)[0m  commit transaction
  [1m[36m (0.1ms)[0m  [1mbegin transaction[0m
  [1m[35mSQL (0.2ms)[0m  DELETE FROM "students" WHERE "students"."id" = ?  [["id", 4]]
  [1m[36m (0.7ms)[0m  [1mcommit transaction[0m
  [1m[35mStudent Load (0.1ms)[0m  SELECT "students".* FROM "students"
  [1m[36mActiveRecord::SchemaMigration Load (0.1ms)[0m  [1mSELECT "schema_migrations".* FROM "schema_migrations"[0m
  [1m[35m (0.0ms)[0m  begin transaction
  [1m[36mSQL (0.3ms)[0m  [1mINSERT INTO "students" ("first_name", "last_name", "created_at", "updated_at") VALUES (?, ?, ?, ?)[0m  [["first_name", "Martina"], ["last_name", "Weidenbaum"], ["created_at", "2017-08-13 15:00:49.419919"], ["updated_at", "2017-08-13 15:00:49.419919"]]
  [1m[35m (2.1ms)[0m  commit transaction
  [1m[36m (0.1ms)[0m  [1mbegin transaction[0m
  [1m[35mSQL (0.2ms)[0m  INSERT INTO "students" ("first_name", "last_name", "created_at", "updated_at") VALUES (?, ?, ?, ?)  [["first_name", "Stacey"], ["last_name", "Astoveza"], ["created_at", "2017-08-13 15:00:49.424679"], ["updated_at", "2017-08-13 15:00:49.424679"]]
  [1m[36m (0.6ms)[0m  [1mcommit transaction[0m
  [1m[35m (0.0ms)[0m  begin transaction
  [1m[36mSQL (0.2ms)[0m  [1mINSERT INTO "students" ("first_name", "last_name", "created_at", "updated_at") VALUES (?, ?, ?, ?)[0m  [["first_name", "David"], ["last_name", "Epstein"], ["created_at", "2017-08-13 15:00:49.426679"], ["updated_at", "2017-08-13 15:00:49.426679"]]
  [1m[35m (0.5ms)[0m  commit transaction
  [1m[36m (0.0ms)[0m  [1mbegin transaction[0m
  [1m[35mSQL (0.1ms)[0m  INSERT INTO "students" ("first_name", "last_name", "created_at", "updated_at") VALUES (?, ?, ?, ?)  [["first_name", "Emily"], ["last_name", "Michelle"], ["created_at", "2017-08-13 15:00:49.428224"], ["updated_at", "2017-08-13 15:00:49.428224"]]
  [1m[36m (0.8ms)[0m  [1mcommit transaction[0m
  [1m[35m (0.1ms)[0m  begin transaction
  [1m[36mSQL (0.2ms)[0m  [1mINSERT INTO "school_classes" ("title", "room_number", "created_at", "updated_at") VALUES (?, ?, ?, ?)[0m  [["title", "Bio 101"], ["room_number", 4], ["created_at", "2017-08-13 15:00:49.433396"], ["updated_at", "2017-08-13 15:00:49.433396"]]
  [1m[35m (0.4ms)[0m  commit transaction
  [1m[36m (0.0ms)[0m  [1mbegin transaction[0m
  [1m[35mSQL (0.1ms)[0m  INSERT INTO "school_classes" ("title", "room_number", "created_at", "updated_at") VALUES (?, ?, ?, ?)  [["title", "Physics 101"], ["room_number", 5], ["created_at", "2017-08-13 15:00:49.434956"], ["updated_at", "2017-08-13 15:00:49.434956"]]
  [1m[36m (0.6ms)[0m  [1mcommit transaction[0m
  [1m[35m (0.1ms)[0m  begin transaction
  [1m[36mSQL (0.2ms)[0m  [1mINSERT INTO "school_classes" ("title", "room_number", "created_at", "updated_at") VALUES (?, ?, ?, ?)[0m  [["title", "Chemistry 101"], ["room_number", 6], ["created_at", "2017-08-13 15:00:49.436632"], ["updated_at", "2017-08-13 15:00:49.436632"]]
  [1m[35m (0.6ms)[0m  commit transaction


Started GET "/school_classes" for ::1 at 2017-08-13 11:01:00 -0400
Processing by SchoolClassesController#index as HTML
  Rendered school_classes/index.html.erb within layouts/application (0.6ms)
Completed 500 Internal Server Error in 4ms (ActiveRecord: 0.0ms)

SyntaxError (/Users/martinaweidenbaum1/Desktop/Development/learn_labs/rails-form_for-lab-web-071717/app/views/school_classes/index.html.erb:1: syntax error, unexpected keyword_class, expecting '|'
...er.new; @classes.each do |class| 
...                               ^
/Users/martinaweidenbaum1/Desktop/Development/learn_labs/rails-form_for-lab-web-071717/app/views/school_classes/index.html.erb:2: syntax error, unexpected '.'
...;@output_buffer.append=( class.title );@output_buffer.safe_a...
...                               ^
/Users/martinaweidenbaum1/Desktop/Development/learn_labs/rails-form_for-lab-web-071717/app/views/school_classes/index.html.erb:4: syntax error, unexpected keyword_ensure, expecting end-of-input):
  app/views/school_classes/index.html.erb:1: syntax error, unexpected keyword_class, expecting '|'
  app/views/school_classes/index.html.erb:2: syntax error, unexpected '.'
  app/views/school_classes/index.html.erb:4: syntax error, unexpected keyword_ensure, expecting end-of-input


  Rendered /Users/martinaweidenbaum1/.rvm/gems/ruby-2.3.1/gems/actionpack-4.2.3/lib/action_dispatch/middleware/templates/rescues/_source.erb (4.8ms)
  Rendered /Users/martinaweidenbaum1/.rvm/gems/ruby-2.3.1/gems/actionpack-4.2.3/lib/action_dispatch/middleware/templates/rescues/_trace.html.erb (1.9ms)
  Rendered /Users/martinaweidenbaum1/.rvm/gems/ruby-2.3.1/gems/actionpack-4.2.3/lib/action_dispatch/middleware/templates/rescues/_request_and_response.html.erb (1.2ms)
  Rendered /Users/martinaweidenbaum1/.rvm/gems/ruby-2.3.1/gems/actionpack-4.2.3/lib/action_dispatch/middleware/templates/rescues/diagnostics.html.erb within rescues/layout (44.8ms)
  Rendered /Users/martinaweidenbaum1/.rvm/gems/ruby-2.3.1/gems/web-console-2.2.1/lib/web_console/templates/_markup.html.erb (0.3ms)
  Rendered /Users/martinaweidenbaum1/.rvm/gems/ruby-2.3.1/gems/web-console-2.2.1/lib/web_console/templates/_inner_console_markup.html.erb within layouts/inlined_string (0.3ms)
  Rendered /Users/martinaweidenbaum1/.rvm/gems/ruby-2.3.1/gems/web-console-2.2.1/lib/web_console/templates/_prompt_box_markup.html.erb within layouts/inlined_string (0.2ms)
  Rendered /Users/martinaweidenbaum1/.rvm/gems/ruby-2.3.1/gems/web-console-2.2.1/lib/web_console/templates/style.css.erb within layouts/inlined_string (0.3ms)
  Rendered /Users/martinaweidenbaum1/.rvm/gems/ruby-2.3.1/gems/web-console-2.2.1/lib/web_console/templates/console.js.erb within layouts/javascript (35.1ms)
  Rendered /Users/martinaweidenbaum1/.rvm/gems/ruby-2.3.1/gems/web-console-2.2.1/lib/web_console/templates/main.js.erb within layouts/javascript (0.2ms)
  Rendered /Users/martinaweidenbaum1/.rvm/gems/ruby-2.3.1/gems/web-console-2.2.1/lib/web_console/templates/error_page.js.erb within layouts/javascript (0.3ms)
  Rendered /Users/martinaweidenbaum1/.rvm/gems/ruby-2.3.1/gems/web-console-2.2.1/lib/web_console/templates/index.html.erb (78.6ms)


Started GET "/school_classes" for ::1 at 2017-08-13 11:01:58 -0400
Processing by SchoolClassesController#index as HTML
  [1m[35mSchoolClass Load (0.1ms)[0m  SELECT "school_classes".* FROM "school_classes"
  Rendered school_classes/index.html.erb within layouts/application (2.6ms)
Completed 200 OK in 18ms (Views: 17.5ms | ActiveRecord: 0.3ms)


Started GET "/school_classes" for ::1 at 2017-08-13 11:05:42 -0400
Processing by SchoolClassesController#index as HTML
  [1m[36mSchoolClass Load (0.2ms)[0m  [1mSELECT "school_classes".* FROM "school_classes"[0m
  Rendered school_classes/index.html.erb within layouts/application (3.5ms)
Completed 200 OK in 22ms (Views: 20.5ms | ActiveRecord: 0.4ms)
